C:\Program Files (x86)\Microsoft Visual Studio\2019\Professional\MSBuild\Microsoft\VC\v160\Microsoft.CppBuild.targets(498,5): warning MSB8004: Intermediate 디렉터리가 슬래시로 끝나지 않습니다. Intermediate 디렉터리의 적절한 평가를 허용하는 데 필요하므로 이 빌드 인스턴스에서 슬래시를 추가합니다.
  Sample.cpp
E:\Choijiwon\KGCA\KGCA40\include\XMatrix.h(78,9): warning C4244: '=': 'double'에서 'float'(으)로 변환하면서 데이터가 손실될 수 있습니다.
  TFbxAnimation.cpp
E:\Choijiwon\KGCA\KGCA40\include\XMatrix.h(78,9): warning C4244: '=': 'double'에서 'float'(으)로 변환하면서 데이터가 손실될 수 있습니다.
E:\Choijiwon\KGCA\KGCA40\KGCA40\SampleFBXDepthShadow\TFbxAnimation.cpp(63,72): warning C4244: '인수': 'double'에서 '_Ty'(으)로 변환하면서 데이터가 손실될 수 있습니다.
          with
          [
              _Ty=float
          ]
E:\Choijiwon\KGCA\KGCA40\KGCA40\SampleFBXDepthShadow\TFbxAnimation.cpp(82,19): warning C4244: '초기화 중': 'double'에서 'float'(으)로 변환하면서 데이터가 손실될 수 있습니다.
  TFbxMeshData.cpp
E:\Choijiwon\KGCA\KGCA40\include\XMatrix.h(78,9): warning C4244: '=': 'double'에서 'float'(으)로 변환하면서 데이터가 손실될 수 있습니다.
  TFbxObj.cpp
E:\Choijiwon\KGCA\KGCA40\include\XMatrix.h(78,9): warning C4244: '=': 'double'에서 'float'(으)로 변환하면서 데이터가 손실될 수 있습니다.
E:\Choijiwon\KGCA\KGCA40\KGCA40\SampleFBXDepthShadow\TFbxObj.cpp(63,32): warning C4244: '=': 'float'에서 'int'(으)로 변환하면서 데이터가 손실될 수 있습니다.
E:\Choijiwon\KGCA\KGCA40\KGCA40\SampleFBXDepthShadow\TFbxObj.cpp(145,29): warning C4244: '=': 'double'에서 'float'(으)로 변환하면서 데이터가 손실될 수 있습니다.
E:\Choijiwon\KGCA\KGCA40\KGCA40\SampleFBXDepthShadow\TFbxObj.cpp(156,29): warning C4244: '=': 'double'에서 'float'(으)로 변환하면서 데이터가 손실될 수 있습니다.
E:\Choijiwon\KGCA\KGCA40\KGCA40\SampleFBXDepthShadow\TFbxObj.cpp(491,33): warning C4244: '=': 'T'에서 'float'(으)로 변환하면서 데이터가 손실될 수 있습니다.
          with
          [
              T=fbxsdk::FbxDouble
          ]
E:\Choijiwon\KGCA\KGCA40\KGCA40\SampleFBXDepthShadow\TFbxObj.cpp(492,33): warning C4244: '=': 'T'에서 'float'(으)로 변환하면서 데이터가 손실될 수 있습니다.
          with
          [
              T=fbxsdk::FbxDouble
          ]
E:\Choijiwon\KGCA\KGCA40\KGCA40\SampleFBXDepthShadow\TFbxObj.cpp(493,33): warning C4244: '=': 'T'에서 'float'(으)로 변환하면서 데이터가 손실될 수 있습니다.
          with
          [
              T=fbxsdk::FbxDouble
          ]
E:\Choijiwon\KGCA\KGCA40\KGCA40\SampleFBXDepthShadow\TFbxObj.cpp(504,32): warning C4244: '=': 'T'에서 'float'(으)로 변환하면서 데이터가 손실될 수 있습니다.
          with
          [
              T=fbxsdk::FbxDouble
          ]
E:\Choijiwon\KGCA\KGCA40\KGCA40\SampleFBXDepthShadow\TFbxObj.cpp(505,26): warning C4244: '=': 'T'에서 'float'(으)로 변환하면서 데이터가 손실될 수 있습니다.
          with
          [
              T=fbxsdk::FbxDouble
          ]
E:\Choijiwon\KGCA\KGCA40\KGCA40\SampleFBXDepthShadow\TFbxObj.cpp(517,29): warning C4244: '=': 'double'에서 'float'(으)로 변환하면서 데이터가 손실될 수 있습니다.
E:\Choijiwon\KGCA\KGCA40\KGCA40\SampleFBXDepthShadow\TFbxObj.cpp(518,29): warning C4244: '=': 'double'에서 'float'(으)로 변환하면서 데이터가 손실될 수 있습니다.
E:\Choijiwon\KGCA\KGCA40\KGCA40\SampleFBXDepthShadow\TFbxObj.cpp(519,29): warning C4244: '=': 'double'에서 'float'(으)로 변환하면서 데이터가 손실될 수 있습니다.
E:\Choijiwon\KGCA\KGCA40\KGCA40\SampleFBXDepthShadow\TFbxObj.cpp(532,39): warning C4244: '=': 'T'에서 'float'(으)로 변환하면서 데이터가 손실될 수 있습니다.
          with
          [
              T=fbxsdk::FbxDouble
          ]
E:\Choijiwon\KGCA\KGCA40\KGCA40\SampleFBXDepthShadow\TFbxObj.cpp(533,39): warning C4244: '=': 'T'에서 'float'(으)로 변환하면서 데이터가 손실될 수 있습니다.
          with
          [
              T=fbxsdk::FbxDouble
          ]
E:\Choijiwon\KGCA\KGCA40\KGCA40\SampleFBXDepthShadow\TFbxObj.cpp(534,39): warning C4244: '=': 'T'에서 'float'(으)로 변환하면서 데이터가 손실될 수 있습니다.
          with
          [
              T=fbxsdk::FbxDouble
          ]
E:\Choijiwon\KGCA\KGCA40\KGCA40\SampleFBXDepthShadow\TFbxObj.cpp(541,60): warning C4267: '초기화 중': 'size_t'에서 'int'(으)로 변환하면서 데이터가 손실될 수 있습니다.
E:\Choijiwon\KGCA\KGCA40\KGCA40\SampleFBXDepthShadow\TFbxObj.cpp(545,56): warning C4244: '=': '_Ty'에서 'float'(으)로 변환하면서 데이터가 손실될 수 있습니다.
          with
          [
              _Ty=int
          ]
  TMesh.cpp
E:\Choijiwon\KGCA\KGCA40\include\XMatrix.h(78,9): warning C4244: '=': 'double'에서 'float'(으)로 변환하면서 데이터가 손실될 수 있습니다.
E:\Choijiwon\KGCA\KGCA40\KGCA40\SampleFBXDepthShadow\TMesh.cpp(30,60): warning C4267: '=': 'size_t'에서 'UINT'(으)로 변환하면서 데이터가 손실될 수 있습니다.
  코드를 생성하고 있습니다.
  Previous IPDB not found, fall back to full compilation.
  All 1308 functions were compiled because no usable IPDB/IOBJ from previous compilation was found.
  코드를 생성했습니다.
DirectXTK_R.lib(DDSTextureLoader.obj) : warning LNK4099: 'DirectXTK.pdb' PDB를 'DirectXTK_R.lib(DDSTextureLoader.obj)' 또는 'E:\Choijiwon\KGCA\KGCA40\output\Release\DirectXTK.pdb'에서 찾을 수 없습니다. 디버그 정보가 없는 것처럼 개체를 링크합니다.
DirectXTK_R.lib(pch.obj) : warning LNK4099: 'DirectXTK.pdb' PDB를 'DirectXTK_R.lib(pch.obj)' 또는 'E:\Choijiwon\KGCA\KGCA40\output\Release\DirectXTK.pdb'에서 찾을 수 없습니다. 디버그 정보가 없는 것처럼 개체를 링크합니다.
DirectXTK_R.lib(ScreenGrab.obj) : warning LNK4099: 'DirectXTK.pdb' PDB를 'DirectXTK_R.lib(ScreenGrab.obj)' 또는 'E:\Choijiwon\KGCA\KGCA40\output\Release\DirectXTK.pdb'에서 찾을 수 없습니다. 디버그 정보가 없는 것처럼 개체를 링크합니다.
DirectXTK_R.lib(WICTextureLoader.obj) : warning LNK4099: 'DirectXTK.pdb' PDB를 'DirectXTK_R.lib(WICTextureLoader.obj)' 또는 'E:\Choijiwon\KGCA\KGCA40\output\Release\DirectXTK.pdb'에서 찾을 수 없습니다. 디버그 정보가 없는 것처럼 개체를 링크합니다.
  SampleFBXDepthShadow.vcxproj -> E:\Choijiwon\KGCA\KGCA40\output\Release\SampleFBXDepthShadow.exe
